2022-06-13 16:18:22.038 -05:00 [INF] Processing for 2022-05-01
2022-06-13 16:18:22.156 -05:00 [INF] Extracting information from ZagerAPI
2022-06-13 16:18:22.156 -05:00 [INF] Preparing client for API
2022-06-13 16:18:22.213 -05:00 [INF] Executing GET fulfillment by day
2022-06-13 16:18:22.213 -05:00 [INF] URL : https://zagerwatch.com/api/webshop_orders/fulfilled/1?modified_at=2022-05-01
2022-06-13 16:19:05.837 -05:00 [ERR] ZagerService connection failed
2022-06-13 16:19:41.530 -05:00 [INF] Processing for 2022-05-01
2022-06-13 16:19:41.602 -05:00 [INF] Extracting information from ZagerAPI
2022-06-13 16:19:41.602 -05:00 [INF] Preparing client for API
2022-06-13 16:19:41.627 -05:00 [INF] Executing GET fulfillment by day
2022-06-13 16:19:41.627 -05:00 [INF] URL : https://zagerwatch.com/api/webshop_orders/fulfilled/1?modified_at=2022-05-01
2022-06-13 16:19:45.706 -05:00 [INF] Extraction completed
2022-06-13 16:22:05.782 -05:00 [INF] Processing for 2022-05-02
2022-06-13 16:22:05.782 -05:00 [INF] Extracting information from ZagerAPI
2022-06-13 16:22:05.783 -05:00 [INF] Preparing client for API
2022-06-13 16:22:05.784 -05:00 [INF] Executing GET fulfillment by day
2022-06-13 16:22:05.784 -05:00 [INF] URL : https://zagerwatch.com/api/webshop_orders/fulfilled/1?modified_at=2022-05-02
2022-06-13 16:22:11.761 -05:00 [INF] Extraction completed
2022-06-13 16:23:13.464 -05:00 [ERR] Database connection failed
2022-06-13 16:23:28.283 -05:00 [ERR] Database connection failed
2022-06-13 16:23:28.298 -05:00 [ERR] Database connection failed
2022-06-13 16:23:28.308 -05:00 [ERR] Database connection failed
2022-06-13 16:23:28.319 -05:00 [ERR] Database connection failed
2022-06-13 16:23:28.330 -05:00 [ERR] Database connection failed
2022-06-13 16:23:28.340 -05:00 [ERR] Database connection failed
2022-06-13 16:23:28.351 -05:00 [ERR] Database connection failed
2022-06-13 16:23:28.361 -05:00 [ERR] Database connection failed
2022-06-13 16:23:28.372 -05:00 [ERR] Database connection failed
2022-06-13 16:23:28.382 -05:00 [ERR] Database connection failed
2022-06-13 16:23:28.393 -05:00 [ERR] Database connection failed
2022-06-13 16:23:28.403 -05:00 [ERR] Database connection failed
2022-06-13 16:23:28.414 -05:00 [ERR] Database connection failed
2022-06-13 16:23:28.425 -05:00 [ERR] Database connection failed
2022-06-13 16:23:28.437 -05:00 [ERR] Database connection failed
2022-06-13 16:23:28.449 -05:00 [ERR] Database connection failed
2022-06-13 16:23:28.460 -05:00 [ERR] Database connection failed
2022-06-13 16:23:28.471 -05:00 [ERR] Database connection failed
2022-06-13 16:23:28.482 -05:00 [ERR] Database connection failed
2022-06-13 16:23:28.495 -05:00 [ERR] Database connection failed
2022-06-13 16:23:28.506 -05:00 [ERR] Database connection failed
2022-06-13 16:23:28.517 -05:00 [ERR] Database connection failed
2022-06-13 16:23:28.528 -05:00 [ERR] Database connection failed
2022-06-13 16:23:28.539 -05:00 [ERR] Database connection failed
2022-06-13 16:23:28.550 -05:00 [ERR] Database connection failed
2022-06-13 16:23:28.561 -05:00 [ERR] Database connection failed
2022-06-13 16:23:28.572 -05:00 [ERR] Database connection failed
2022-06-13 16:23:28.583 -05:00 [ERR] Database connection failed
2022-06-13 16:23:28.594 -05:00 [ERR] Database connection failed
2022-06-13 16:23:28.605 -05:00 [ERR] Database connection failed
2022-06-13 16:23:28.616 -05:00 [ERR] Database connection failed
2022-06-13 16:23:28.628 -05:00 [ERR] Database connection failed
2022-06-13 16:23:28.639 -05:00 [ERR] Database connection failed
2022-06-13 16:23:28.652 -05:00 [ERR] Database connection failed
2022-06-13 16:23:28.663 -05:00 [ERR] Database connection failed
2022-06-13 16:23:28.674 -05:00 [ERR] Database connection failed
2022-06-13 16:23:28.686 -05:00 [ERR] Database connection failed
2022-06-13 16:23:28.696 -05:00 [ERR] Database connection failed
2022-06-13 16:23:28.708 -05:00 [ERR] Database connection failed
2022-06-13 16:23:28.719 -05:00 [ERR] Database connection failed
2022-06-13 16:23:28.730 -05:00 [ERR] Database connection failed
2022-06-13 16:23:28.741 -05:00 [ERR] Database connection failed
2022-06-13 16:23:28.753 -05:00 [ERR] Database connection failed
2022-06-13 16:23:28.764 -05:00 [ERR] Database connection failed
2022-06-13 16:23:28.775 -05:00 [ERR] Database connection failed
2022-06-13 16:23:28.787 -05:00 [ERR] Database connection failed
2022-06-13 16:23:28.798 -05:00 [ERR] Database connection failed
2022-06-13 16:23:28.809 -05:00 [ERR] Database connection failed
2022-06-13 16:23:28.820 -05:00 [ERR] Database connection failed
2022-06-13 16:23:28.831 -05:00 [ERR] Database connection failed
2022-06-13 16:23:28.842 -05:00 [ERR] Database connection failed
2022-06-13 16:23:28.854 -05:00 [ERR] Database connection failed
2022-06-13 16:23:28.865 -05:00 [ERR] Database connection failed
2022-06-13 16:23:28.876 -05:00 [ERR] Database connection failed
2022-06-13 16:23:28.888 -05:00 [ERR] Database connection failed
2022-06-13 16:23:28.898 -05:00 [ERR] Database connection failed
2022-06-13 16:23:28.910 -05:00 [ERR] Database connection failed
2022-06-13 16:23:28.921 -05:00 [ERR] Database connection failed
2022-06-13 16:23:28.932 -05:00 [ERR] Database connection failed
2022-06-13 16:23:28.943 -05:00 [ERR] Database connection failed
2022-06-13 16:23:28.954 -05:00 [ERR] Database connection failed
2022-06-13 16:23:28.965 -05:00 [ERR] Database connection failed
2022-06-13 16:23:28.976 -05:00 [ERR] Database connection failed
2022-06-13 16:23:28.988 -05:00 [ERR] Database connection failed
2022-06-13 16:23:28.998 -05:00 [ERR] Database connection failed
2022-06-13 16:23:29.010 -05:00 [ERR] Database connection failed
2022-06-13 16:23:29.024 -05:00 [ERR] Database connection failed
2022-06-13 16:23:29.036 -05:00 [ERR] Database connection failed
2022-06-13 16:23:29.048 -05:00 [ERR] Database connection failed
2022-06-13 16:23:29.059 -05:00 [ERR] Database connection failed
2022-06-13 16:23:29.072 -05:00 [ERR] Database connection failed
2022-06-13 16:23:29.083 -05:00 [ERR] Database connection failed
2022-06-13 16:23:29.094 -05:00 [ERR] Database connection failed
2022-06-13 16:23:29.105 -05:00 [ERR] Database connection failed
2022-06-13 16:23:29.117 -05:00 [ERR] Database connection failed
2022-06-13 16:23:29.128 -05:00 [ERR] Database connection failed
2022-06-13 16:23:29.139 -05:00 [ERR] Database connection failed
2022-06-13 16:23:29.150 -05:00 [ERR] Database connection failed
2022-06-13 16:23:29.161 -05:00 [ERR] Database connection failed
2022-06-13 16:23:29.173 -05:00 [ERR] Database connection failed
2022-06-13 16:23:29.183 -05:00 [ERR] Database connection failed
2022-06-13 16:23:29.194 -05:00 [ERR] Database connection failed
2022-06-13 16:23:29.206 -05:00 [ERR] Database connection failed
2022-06-13 16:23:29.217 -05:00 [ERR] Database connection failed
2022-06-13 16:23:29.229 -05:00 [ERR] Database connection failed
2022-06-13 16:23:29.240 -05:00 [ERR] Database connection failed
2022-06-13 16:23:29.252 -05:00 [ERR] Database connection failed
2022-06-13 16:23:29.263 -05:00 [ERR] Database connection failed
2022-06-13 16:23:29.275 -05:00 [ERR] Database connection failed
2022-06-13 16:23:29.288 -05:00 [ERR] Database connection failed
2022-06-13 16:23:29.299 -05:00 [ERR] Database connection failed
2022-06-13 16:23:29.311 -05:00 [ERR] Database connection failed
2022-06-13 16:23:29.322 -05:00 [ERR] Database connection failed
2022-06-13 16:23:29.333 -05:00 [ERR] Database connection failed
2022-06-13 16:23:29.344 -05:00 [ERR] Database connection failed
2022-06-13 16:23:29.355 -05:00 [ERR] Database connection failed
2022-06-13 16:23:29.366 -05:00 [ERR] Database connection failed
2022-06-13 16:23:29.377 -05:00 [ERR] Database connection failed
2022-06-13 16:23:29.388 -05:00 [ERR] Database connection failed
2022-06-13 16:23:29.400 -05:00 [ERR] Database connection failed
2022-06-13 16:23:29.411 -05:00 [ERR] Database connection failed
2022-06-13 16:23:29.422 -05:00 [ERR] Database connection failed
2022-06-13 16:23:29.433 -05:00 [ERR] Database connection failed
2022-06-13 16:23:29.444 -05:00 [ERR] Database connection failed
2022-06-13 16:23:29.455 -05:00 [ERR] Database connection failed
2022-06-13 16:23:29.466 -05:00 [ERR] Database connection failed
2022-06-13 16:23:29.479 -05:00 [ERR] Database connection failed
2022-06-13 16:23:29.491 -05:00 [ERR] Database connection failed
2022-06-13 16:23:29.502 -05:00 [ERR] Database connection failed
2022-06-13 16:23:29.513 -05:00 [ERR] Database connection failed
2022-06-13 16:23:29.524 -05:00 [ERR] Database connection failed
2022-06-13 16:23:29.535 -05:00 [ERR] Database connection failed
2022-06-13 16:23:29.546 -05:00 [ERR] Database connection failed
2022-06-13 16:23:29.557 -05:00 [ERR] Database connection failed
2022-06-13 16:23:29.569 -05:00 [ERR] Database connection failed
2022-06-13 16:23:29.580 -05:00 [ERR] Database connection failed
2022-06-13 16:23:29.591 -05:00 [ERR] Database connection failed
2022-06-13 16:23:29.602 -05:00 [ERR] Database connection failed
2022-06-13 16:23:29.613 -05:00 [ERR] Database connection failed
2022-06-13 16:23:29.624 -05:00 [ERR] Database connection failed
2022-06-13 16:23:29.635 -05:00 [ERR] Database connection failed
2022-06-13 16:23:29.646 -05:00 [ERR] Database connection failed
2022-06-13 16:23:29.658 -05:00 [ERR] Database connection failed
2022-06-13 16:23:29.670 -05:00 [ERR] Database connection failed
2022-06-13 16:23:29.682 -05:00 [ERR] Database connection failed
2022-06-13 16:23:29.694 -05:00 [ERR] Database connection failed
2022-06-13 16:23:29.706 -05:00 [ERR] Database connection failed
2022-06-13 16:23:29.716 -05:00 [ERR] Database connection failed
2022-06-13 16:23:29.728 -05:00 [ERR] Database connection failed
2022-06-13 16:23:29.740 -05:00 [ERR] Database connection failed
2022-06-13 16:23:29.751 -05:00 [ERR] Database connection failed
2022-06-13 16:23:29.761 -05:00 [ERR] Database connection failed
2022-06-13 16:23:29.773 -05:00 [ERR] Database connection failed
2022-06-13 16:23:29.785 -05:00 [ERR] Database connection failed
2022-06-13 16:23:29.796 -05:00 [ERR] Database connection failed
2022-06-13 16:23:29.807 -05:00 [ERR] Database connection failed
2022-06-13 16:23:29.819 -05:00 [ERR] Database connection failed
2022-06-13 16:23:29.830 -05:00 [ERR] Database connection failed
2022-06-13 16:23:29.841 -05:00 [ERR] Database connection failed
2022-06-13 16:23:29.853 -05:00 [ERR] Database connection failed
2022-06-13 16:23:29.864 -05:00 [ERR] Database connection failed
2022-06-13 16:23:29.877 -05:00 [ERR] Database connection failed
2022-06-13 16:23:29.889 -05:00 [ERR] Database connection failed
2022-06-13 16:23:29.899 -05:00 [ERR] Database connection failed
2022-06-13 16:23:29.911 -05:00 [ERR] Database connection failed
2022-06-13 16:23:29.922 -05:00 [ERR] Database connection failed
2022-06-13 16:23:29.933 -05:00 [ERR] Database connection failed
2022-06-13 16:23:29.944 -05:00 [ERR] Database connection failed
2022-06-13 16:23:29.955 -05:00 [ERR] Database connection failed
2022-06-13 16:23:29.966 -05:00 [ERR] Database connection failed
2022-06-13 16:23:29.977 -05:00 [ERR] Database connection failed
2022-06-13 16:23:29.988 -05:00 [ERR] Database connection failed
2022-06-13 16:23:29.999 -05:00 [ERR] Database connection failed
2022-06-13 16:23:30.010 -05:00 [ERR] Database connection failed
2022-06-13 16:23:30.022 -05:00 [ERR] Database connection failed
2022-06-13 16:23:30.032 -05:00 [ERR] Database connection failed
2022-06-13 16:23:30.043 -05:00 [ERR] Database connection failed
2022-06-13 16:23:30.054 -05:00 [ERR] Database connection failed
2022-06-13 16:23:30.065 -05:00 [ERR] Database connection failed
2022-06-13 16:23:30.076 -05:00 [ERR] Database connection failed
2022-06-13 16:23:30.088 -05:00 [ERR] Database connection failed
2022-06-13 16:23:30.100 -05:00 [ERR] Database connection failed
2022-06-13 16:23:30.111 -05:00 [ERR] Database connection failed
2022-06-13 16:23:30.122 -05:00 [ERR] Database connection failed
2022-06-13 16:23:30.134 -05:00 [ERR] Database connection failed
2022-06-13 16:23:30.144 -05:00 [ERR] Database connection failed
2022-06-13 16:23:30.156 -05:00 [ERR] Database connection failed
2022-06-13 16:23:30.166 -05:00 [ERR] Database connection failed
2022-06-13 16:23:30.177 -05:00 [ERR] Database connection failed
2022-06-13 16:23:30.189 -05:00 [ERR] Database connection failed
2022-06-13 16:23:30.199 -05:00 [ERR] Database connection failed
2022-06-13 16:23:30.210 -05:00 [ERR] Database connection failed
2022-06-13 16:23:30.222 -05:00 [ERR] Database connection failed
2022-06-13 16:23:30.232 -05:00 [ERR] Database connection failed
2022-06-13 16:23:30.244 -05:00 [ERR] Database connection failed
2022-06-13 16:23:30.255 -05:00 [ERR] Database connection failed
2022-06-13 16:23:30.266 -05:00 [ERR] Database connection failed
2022-06-13 16:23:30.278 -05:00 [ERR] Database connection failed
2022-06-13 16:23:30.290 -05:00 [ERR] Database connection failed
2022-06-13 16:23:30.302 -05:00 [ERR] Database connection failed
2022-06-13 16:23:30.313 -05:00 [ERR] Database connection failed
2022-06-13 16:23:30.324 -05:00 [ERR] Database connection failed
2022-06-13 16:23:30.336 -05:00 [ERR] Database connection failed
2022-06-13 16:23:30.347 -05:00 [ERR] Database connection failed
2022-06-13 16:23:30.358 -05:00 [ERR] Database connection failed
2022-06-13 16:23:30.369 -05:00 [ERR] Database connection failed
2022-06-13 16:23:30.380 -05:00 [ERR] Database connection failed
2022-06-13 16:23:30.391 -05:00 [ERR] Database connection failed
2022-06-13 16:23:30.402 -05:00 [ERR] Database connection failed
2022-06-13 16:23:30.413 -05:00 [ERR] Database connection failed
2022-06-13 16:23:30.425 -05:00 [ERR] Database connection failed
2022-06-13 16:23:30.436 -05:00 [ERR] Database connection failed
2022-06-13 16:23:30.447 -05:00 [ERR] Database connection failed
2022-06-13 16:23:30.458 -05:00 [ERR] Database connection failed
2022-06-13 16:23:30.469 -05:00 [ERR] Database connection failed
2022-06-13 16:23:30.480 -05:00 [ERR] Database connection failed
2022-06-13 16:23:30.493 -05:00 [ERR] Database connection failed
2022-06-13 16:23:30.505 -05:00 [ERR] Database connection failed
2022-06-13 16:23:30.516 -05:00 [ERR] Database connection failed
2022-06-13 16:23:30.527 -05:00 [ERR] Database connection failed
2022-06-13 16:23:30.539 -05:00 [ERR] Database connection failed
2022-06-13 16:23:30.549 -05:00 [ERR] Database connection failed
2022-06-13 16:23:30.560 -05:00 [ERR] Database connection failed
2022-06-13 16:23:30.571 -05:00 [ERR] Database connection failed
2022-06-13 16:23:30.582 -05:00 [ERR] Database connection failed
2022-06-13 16:23:30.593 -05:00 [ERR] Database connection failed
2022-06-13 16:23:30.604 -05:00 [ERR] Database connection failed
2022-06-13 16:23:30.615 -05:00 [ERR] Database connection failed
2022-06-13 16:23:30.626 -05:00 [ERR] Database connection failed
2022-06-13 16:23:30.637 -05:00 [ERR] Database connection failed
2022-06-13 16:23:30.649 -05:00 [ERR] Database connection failed
2022-06-13 16:23:30.660 -05:00 [ERR] Database connection failed
2022-06-13 16:23:30.671 -05:00 [ERR] Database connection failed
2022-06-13 16:23:30.684 -05:00 [ERR] Database connection failed
2022-06-13 16:23:30.696 -05:00 [ERR] Database connection failed
2022-06-13 16:23:30.707 -05:00 [ERR] Database connection failed
2022-06-13 16:23:30.719 -05:00 [ERR] Database connection failed
2022-06-13 16:23:30.730 -05:00 [ERR] Database connection failed
2022-06-13 16:23:30.741 -05:00 [ERR] Database connection failed
2022-06-13 16:23:30.752 -05:00 [ERR] Database connection failed
2022-06-13 16:23:30.763 -05:00 [ERR] Database connection failed
2022-06-13 16:23:30.774 -05:00 [ERR] Database connection failed
2022-06-13 16:23:30.785 -05:00 [ERR] Database connection failed
2022-06-13 16:23:30.796 -05:00 [ERR] Database connection failed
2022-06-13 16:23:30.808 -05:00 [ERR] Database connection failed
2022-06-13 16:23:30.819 -05:00 [ERR] Database connection failed
2022-06-13 16:23:30.830 -05:00 [ERR] Database connection failed
2022-06-13 16:23:30.841 -05:00 [ERR] Database connection failed
2022-06-13 16:23:30.853 -05:00 [ERR] Database connection failed
2022-06-13 16:23:30.864 -05:00 [ERR] Database connection failed
2022-06-13 16:23:30.875 -05:00 [ERR] Database connection failed
2022-06-13 16:23:30.889 -05:00 [ERR] Database connection failed
2022-06-13 16:23:30.900 -05:00 [ERR] Database connection failed
2022-06-13 16:23:30.911 -05:00 [ERR] Database connection failed
2022-06-13 16:23:30.923 -05:00 [ERR] Database connection failed
2022-06-13 16:23:30.934 -05:00 [ERR] Database connection failed
2022-06-13 16:23:30.945 -05:00 [ERR] Database connection failed
2022-06-13 16:23:30.957 -05:00 [ERR] Database connection failed
2022-06-13 16:23:30.968 -05:00 [ERR] Database connection failed
2022-06-13 16:23:30.979 -05:00 [ERR] Database connection failed
2022-06-13 16:23:30.990 -05:00 [ERR] Database connection failed
2022-06-13 16:23:31.001 -05:00 [ERR] Database connection failed
2022-06-13 16:23:31.012 -05:00 [ERR] Database connection failed
2022-06-13 16:23:31.024 -05:00 [ERR] Database connection failed
2022-06-13 16:23:31.035 -05:00 [ERR] Database connection failed
2022-06-13 16:23:31.046 -05:00 [ERR] Database connection failed
2022-06-13 16:23:31.057 -05:00 [ERR] Database connection failed
2022-06-13 16:23:31.068 -05:00 [ERR] Database connection failed
2022-06-13 16:23:31.078 -05:00 [ERR] Database connection failed
2022-06-13 16:23:31.090 -05:00 [ERR] Database connection failed
2022-06-13 16:23:31.103 -05:00 [ERR] Database connection failed
2022-06-13 16:23:31.115 -05:00 [ERR] Database connection failed
2022-06-13 16:23:31.127 -05:00 [ERR] Database connection failed
2022-06-13 16:23:31.139 -05:00 [ERR] Database connection failed
2022-06-13 16:23:31.150 -05:00 [ERR] Database connection failed
2022-06-13 16:23:31.162 -05:00 [ERR] Database connection failed
2022-06-13 16:23:31.173 -05:00 [ERR] Database connection failed
2022-06-13 16:23:31.185 -05:00 [ERR] Database connection failed
2022-06-13 16:23:31.196 -05:00 [ERR] Database connection failed
2022-06-13 16:23:31.207 -05:00 [ERR] Database connection failed
2022-06-13 16:23:31.218 -05:00 [ERR] Database connection failed
2022-06-13 16:23:31.229 -05:00 [ERR] Database connection failed
2022-06-13 16:23:31.240 -05:00 [ERR] Database connection failed
2022-06-13 16:23:31.252 -05:00 [ERR] Database connection failed
2022-06-13 16:23:31.263 -05:00 [ERR] Database connection failed
2022-06-13 16:23:31.274 -05:00 [ERR] Database connection failed
2022-06-13 16:23:31.285 -05:00 [ERR] Database connection failed
2022-06-13 16:23:31.296 -05:00 [ERR] Database connection failed
2022-06-13 16:23:31.308 -05:00 [ERR] Database connection failed
2022-06-13 16:23:31.320 -05:00 [ERR] Database connection failed
2022-06-13 16:23:31.332 -05:00 [ERR] Database connection failed
2022-06-13 16:23:31.343 -05:00 [ERR] Database connection failed
2022-06-13 16:23:31.354 -05:00 [ERR] Database connection failed
2022-06-13 16:23:31.365 -05:00 [ERR] Database connection failed
2022-06-13 16:23:31.376 -05:00 [ERR] Database connection failed
2022-06-13 16:23:31.387 -05:00 [ERR] Database connection failed
2022-06-13 16:23:31.398 -05:00 [ERR] Database connection failed
2022-06-13 16:23:31.409 -05:00 [ERR] Database connection failed
2022-06-13 16:23:31.423 -05:00 [ERR] Database connection failed
2022-06-13 16:23:31.434 -05:00 [ERR] Database connection failed
2022-06-13 16:23:31.445 -05:00 [ERR] Database connection failed
2022-06-13 16:23:31.457 -05:00 [ERR] Database connection failed
2022-06-13 16:23:31.469 -05:00 [ERR] Database connection failed
2022-06-13 16:23:31.480 -05:00 [ERR] Database connection failed
2022-06-13 16:23:31.491 -05:00 [ERR] Database connection failed
2022-06-13 16:23:31.503 -05:00 [ERR] Database connection failed
2022-06-13 16:23:31.514 -05:00 [ERR] Database connection failed
2022-06-13 16:23:31.527 -05:00 [ERR] Database connection failed
2022-06-13 16:23:31.539 -05:00 [ERR] Database connection failed
2022-06-13 16:23:31.550 -05:00 [ERR] Database connection failed
2022-06-13 16:23:31.560 -05:00 [ERR] Database connection failed
2022-06-13 16:23:31.572 -05:00 [ERR] Database connection failed
2022-06-13 16:23:31.583 -05:00 [ERR] Database connection failed
2022-06-13 16:23:31.594 -05:00 [ERR] Database connection failed
2022-06-13 16:23:31.605 -05:00 [ERR] Database connection failed
2022-06-13 16:23:31.617 -05:00 [ERR] Database connection failed
2022-06-13 16:23:31.628 -05:00 [ERR] Database connection failed
2022-06-13 16:23:31.639 -05:00 [ERR] Database connection failed
2022-06-13 16:23:31.650 -05:00 [ERR] Database connection failed
2022-06-13 16:23:31.661 -05:00 [ERR] Database connection failed
2022-06-13 16:23:31.672 -05:00 [ERR] Database connection failed
2022-06-13 16:23:31.685 -05:00 [ERR] Database connection failed
2022-06-13 16:23:31.696 -05:00 [ERR] Database connection failed
2022-06-13 16:23:31.708 -05:00 [ERR] Database connection failed
2022-06-13 16:23:31.721 -05:00 [ERR] Database connection failed
2022-06-13 16:23:31.733 -05:00 [ERR] Database connection failed
2022-06-13 16:23:31.744 -05:00 [ERR] Database connection failed
2022-06-13 16:23:31.756 -05:00 [ERR] Database connection failed
2022-06-13 16:23:31.768 -05:00 [ERR] Database connection failed
2022-06-13 16:23:31.779 -05:00 [ERR] Database connection failed
2022-06-13 16:23:31.791 -05:00 [ERR] Database connection failed
2022-06-13 16:23:31.802 -05:00 [ERR] Database connection failed
2022-06-13 16:23:31.813 -05:00 [ERR] Database connection failed
2022-06-13 16:23:31.824 -05:00 [ERR] Database connection failed
2022-06-13 16:23:31.836 -05:00 [ERR] Database connection failed
2022-06-13 16:23:31.847 -05:00 [ERR] Database connection failed
2022-06-13 16:23:31.858 -05:00 [ERR] Database connection failed
2022-06-13 16:23:31.869 -05:00 [ERR] Database connection failed
2022-06-13 16:23:31.880 -05:00 [ERR] Database connection failed
2022-06-13 16:23:31.892 -05:00 [ERR] Database connection failed
2022-06-13 16:23:31.904 -05:00 [ERR] Database connection failed
2022-06-13 16:23:31.915 -05:00 [ERR] Database connection failed
2022-06-13 16:23:31.927 -05:00 [ERR] Database connection failed
2022-06-13 16:23:31.939 -05:00 [ERR] Database connection failed
2022-06-13 16:23:31.950 -05:00 [ERR] Database connection failed
2022-06-13 16:23:31.983 -05:00 [ERR] Database connection failed
2022-06-13 16:23:31.994 -05:00 [ERR] Database connection failed
2022-06-13 16:23:32.006 -05:00 [ERR] Database connection failed
2022-06-13 16:23:32.018 -05:00 [ERR] Database connection failed
2022-06-13 16:23:32.029 -05:00 [ERR] Database connection failed
2022-06-13 16:23:32.040 -05:00 [ERR] Database connection failed
2022-06-13 16:23:32.051 -05:00 [ERR] Database connection failed
2022-06-13 16:23:32.062 -05:00 [ERR] Database connection failed
2022-06-13 16:23:32.073 -05:00 [ERR] Database connection failed
2022-06-13 16:23:32.085 -05:00 [ERR] Database connection failed
2022-06-13 16:23:32.097 -05:00 [ERR] Database connection failed
2022-06-13 16:23:32.108 -05:00 [ERR] Database connection failed
2022-06-13 16:23:32.120 -05:00 [ERR] Database connection failed
2022-06-13 16:23:32.132 -05:00 [ERR] Database connection failed
2022-06-13 16:23:32.143 -05:00 [ERR] Database connection failed
2022-06-13 16:23:32.154 -05:00 [ERR] Database connection failed
2022-06-13 16:23:32.165 -05:00 [ERR] Database connection failed
2022-06-13 16:23:32.177 -05:00 [ERR] Database connection failed
2022-06-13 16:23:32.188 -05:00 [ERR] Database connection failed
2022-06-13 16:23:32.199 -05:00 [ERR] Database connection failed
2022-06-13 16:23:32.210 -05:00 [ERR] Database connection failed
2022-06-13 16:23:32.222 -05:00 [ERR] Database connection failed
2022-06-13 16:23:32.233 -05:00 [ERR] Database connection failed
2022-06-13 16:23:32.244 -05:00 [ERR] Database connection failed
2022-06-13 16:23:32.256 -05:00 [ERR] Database connection failed
2022-06-13 16:23:32.266 -05:00 [ERR] Database connection failed
2022-06-13 16:23:32.277 -05:00 [ERR] Database connection failed
2022-06-13 16:23:32.288 -05:00 [ERR] Database connection failed
